<?xml version="1.0" encoding="UTF-8"?>
<coverage generated="1627724035128" clover="3.2.0">
  <project timestamp="1627724035128" name="All files">
    <metrics statements="54" coveredstatements="25" conditionals="8" coveredconditionals="3" methods="25" coveredmethods="6" elements="87" coveredelements="34" complexity="0" loc="54" ncloc="54" packages="2" files="2" classes="2"/>
    <package name="layouts.menu">
      <metrics statements="26" coveredstatements="11" conditionals="8" coveredconditionals="3" methods="12" coveredmethods="1"/>
      <file name="SideMenu.js" path="/Users/jyjin/workspace/gitProject/awesome/src/layouts/menu/SideMenu.js">
        <metrics statements="26" coveredstatements="11" conditionals="8" coveredconditionals="3" methods="12" coveredmethods="1"/>
        <line num="8" count="1" type="stmt"/>
        <line num="9" count="1" type="stmt"/>
        <line num="11" count="1" type="stmt"/>
        <line num="12" count="1" type="stmt"/>
        <line num="13" count="1" type="stmt"/>
        <line num="14" count="1" type="stmt"/>
        <line num="15" count="0" type="stmt"/>
        <line num="17" count="1" type="stmt"/>
        <line num="22" count="1" type="stmt"/>
        <line num="23" count="0" type="cond" truecount="0" falsecount="2"/>
        <line num="24" count="0" type="stmt"/>
        <line num="26" count="0" type="stmt"/>
        <line num="28" count="0" type="stmt"/>
        <line num="29" count="0" type="stmt"/>
        <line num="33" count="1" type="stmt"/>
        <line num="34" count="0" type="stmt"/>
        <line num="37" count="1" type="cond" truecount="3" falsecount="1"/>
        <line num="38" count="1" type="stmt"/>
        <line num="42" count="0" type="cond" truecount="0" falsecount="2"/>
        <line num="43" count="0" type="stmt"/>
        <line num="48" count="0" type="stmt"/>
        <line num="51" count="0" type="stmt"/>
        <line num="62" count="0" type="stmt"/>
        <line num="66" count="0" type="stmt"/>
        <line num="70" count="0" type="stmt"/>
        <line num="76" count="0" type="stmt"/>
      </file>
    </package>
    <package name="stores">
      <metrics statements="28" coveredstatements="14" conditionals="0" coveredconditionals="0" methods="13" coveredmethods="5"/>
      <file name="lowcodeStore.js" path="/Users/jyjin/workspace/gitProject/awesome/src/stores/lowcodeStore.js">
        <metrics statements="28" coveredstatements="14" conditionals="0" coveredconditionals="0" methods="13" coveredmethods="5"/>
        <line num="4" count="1" type="stmt"/>
        <line num="14" count="3" type="stmt"/>
        <line num="18" count="0" type="stmt"/>
        <line num="19" count="0" type="stmt"/>
        <line num="20" count="0" type="stmt"/>
        <line num="23" count="1" type="stmt"/>
        <line num="28" count="2" type="stmt"/>
        <line num="29" count="2" type="stmt"/>
        <line num="30" count="2" type="stmt"/>
        <line num="34" count="0" type="stmt"/>
        <line num="35" count="0" type="stmt"/>
        <line num="36" count="0" type="stmt"/>
        <line num="40" count="2" type="stmt"/>
        <line num="41" count="2" type="stmt"/>
        <line num="42" count="2" type="stmt"/>
        <line num="43" count="2" type="stmt"/>
        <line num="45" count="2" type="stmt"/>
        <line num="49" count="0" type="stmt"/>
        <line num="50" count="0" type="stmt"/>
        <line num="54" count="1" type="stmt"/>
        <line num="55" count="1" type="stmt"/>
        <line num="58" count="1" type="stmt"/>
        <line num="63" count="0" type="stmt"/>
        <line num="64" count="0" type="stmt"/>
        <line num="68" count="0" type="stmt"/>
        <line num="72" count="0" type="stmt"/>
        <line num="73" count="0" type="stmt"/>
        <line num="74" count="0" type="stmt"/>
      </file>
    </package>
  </project>
</coverage>
