{
  "/Users/jyjin/workspace/gitProject/awesome/src/layouts/menu/SideMenu.js": {
    "path": "/Users/jyjin/workspace/gitProject/awesome/src/layouts/menu/SideMenu.js",
    "statementMap": {
      "0": {
        "start": { "line": 8, "column": 18 },
        "end": { "line": 8, "column": 24 }
      },
      "1": {
        "start": { "line": 9, "column": 20 },
        "end": { "line": 9, "column": 24 }
      },
      "2": {
        "start": { "line": 11, "column": 17 },
        "end": { "line": 88, "column": 1 }
      },
      "3": {
        "start": { "line": 12, "column": 36 },
        "end": { "line": 12, "column": 50 }
      },
      "4": {
        "start": { "line": 13, "column": 34 },
        "end": { "line": 13, "column": 46 }
      },
      "5": {
        "start": { "line": 14, "column": 25 },
        "end": { "line": 16, "column": 3 }
      },
      "6": {
        "start": { "line": 15, "column": 4 },
        "end": { "line": 15, "column": 35 }
      },
      "7": {
        "start": { "line": 17, "column": 16 },
        "end": { "line": 20, "column": 4 }
      },
      "8": {
        "start": { "line": 17, "column": 33 },
        "end": { "line": 17, "column": 49 }
      },
      "9": {
        "start": { "line": 22, "column": 2 },
        "end": { "line": 31, "column": 9 }
      },
      "10": {
        "start": { "line": 23, "column": 4 },
        "end": { "line": 27, "column": 5 }
      },
      "11": {
        "start": { "line": 24, "column": 6 },
        "end": { "line": 24, "column": 31 }
      },
      "12": {
        "start": { "line": 26, "column": 6 },
        "end": { "line": 26, "column": 20 }
      },
      "13": {
        "start": { "line": 28, "column": 4 },
        "end": { "line": 30, "column": 6 }
      },
      "14": {
        "start": { "line": 29, "column": 6 },
        "end": { "line": 29, "column": 45 }
      },
      "15": {
        "start": { "line": 33, "column": 2 },
        "end": { "line": 35, "column": 21 }
      },
      "16": {
        "start": { "line": 34, "column": 4 },
        "end": { "line": 34, "column": 30 }
      },
      "17": {
        "start": { "line": 37, "column": 2 },
        "end": { "line": 39, "column": 3 }
      },
      "18": {
        "start": { "line": 38, "column": 4 },
        "end": { "line": 38, "column": 20 }
      },
      "19": {
        "start": { "line": 42, "column": 4 },
        "end": { "line": 44, "column": 5 }
      },
      "20": {
        "start": { "line": 43, "column": 6 },
        "end": { "line": 43, "column": 73 }
      },
      "21": {
        "start": { "line": 48, "column": 4 },
        "end": { "line": 48, "column": 43 }
      },
      "22": {
        "start": { "line": 51, "column": 2 },
        "end": { "line": 87, "column": 4 }
      },
      "23": {
        "start": { "line": 62, "column": 10 },
        "end": { "line": 83, "column": 12 }
      },
      "24": {
        "start": { "line": 66, "column": 35 },
        "end": { "line": 66, "column": 53 }
      },
      "25": {
        "start": { "line": 70, "column": 16 },
        "end": { "line": 80, "column": 18 }
      },
      "26": {
        "start": { "line": 76, "column": 55 },
        "end": { "line": 76, "column": 71 }
      }
    },
    "fnMap": {
      "0": {
        "name": "(anonymous_0)",
        "decl": {
          "start": { "line": 11, "column": 17 },
          "end": { "line": 11, "column": 18 }
        },
        "loc": {
          "start": { "line": 11, "column": 23 },
          "end": { "line": 88, "column": 1 }
        },
        "line": 11
      },
      "1": {
        "name": "(anonymous_1)",
        "decl": {
          "start": { "line": 14, "column": 25 },
          "end": { "line": 14, "column": 26 }
        },
        "loc": {
          "start": { "line": 14, "column": 31 },
          "end": { "line": 16, "column": 3 }
        },
        "line": 14
      },
      "2": {
        "name": "(anonymous_2)",
        "decl": {
          "start": { "line": 17, "column": 27 },
          "end": { "line": 17, "column": 28 }
        },
        "loc": {
          "start": { "line": 17, "column": 33 },
          "end": { "line": 17, "column": 49 }
        },
        "line": 17
      },
      "3": {
        "name": "(anonymous_3)",
        "decl": {
          "start": { "line": 22, "column": 12 },
          "end": { "line": 22, "column": 13 }
        },
        "loc": {
          "start": { "line": 22, "column": 18 },
          "end": { "line": 31, "column": 3 }
        },
        "line": 22
      },
      "4": {
        "name": "(anonymous_4)",
        "decl": {
          "start": { "line": 28, "column": 11 },
          "end": { "line": 28, "column": 12 }
        },
        "loc": {
          "start": { "line": 28, "column": 17 },
          "end": { "line": 30, "column": 5 }
        },
        "line": 28
      },
      "5": {
        "name": "(anonymous_5)",
        "decl": {
          "start": { "line": 33, "column": 12 },
          "end": { "line": 33, "column": 13 }
        },
        "loc": {
          "start": { "line": 33, "column": 18 },
          "end": { "line": 35, "column": 3 }
        },
        "line": 33
      },
      "6": {
        "name": "handleClick",
        "decl": {
          "start": { "line": 41, "column": 11 },
          "end": { "line": 41, "column": 22 }
        },
        "loc": {
          "start": { "line": 41, "column": 32 },
          "end": { "line": 45, "column": 3 }
        },
        "line": 41
      },
      "7": {
        "name": "handleFirstMenu",
        "decl": {
          "start": { "line": 47, "column": 11 },
          "end": { "line": 47, "column": 26 }
        },
        "loc": {
          "start": { "line": 47, "column": 30 },
          "end": { "line": 49, "column": 3 }
        },
        "line": 47
      },
      "8": {
        "name": "(anonymous_8)",
        "decl": {
          "start": { "line": 61, "column": 22 },
          "end": { "line": 61, "column": 23 }
        },
        "loc": {
          "start": { "line": 61, "column": 32 },
          "end": { "line": 84, "column": 9 }
        },
        "line": 61
      },
      "9": {
        "name": "(anonymous_9)",
        "decl": {
          "start": { "line": 66, "column": 28 },
          "end": { "line": 66, "column": 29 }
        },
        "loc": {
          "start": { "line": 66, "column": 35 },
          "end": { "line": 66, "column": 53 }
        },
        "line": 66
      },
      "10": {
        "name": "(anonymous_10)",
        "decl": {
          "start": { "line": 69, "column": 35 },
          "end": { "line": 69, "column": 36 }
        },
        "loc": {
          "start": { "line": 69, "column": 44 },
          "end": { "line": 81, "column": 15 }
        },
        "line": 69
      },
      "11": {
        "name": "(anonymous_11)",
        "decl": {
          "start": { "line": 76, "column": 49 },
          "end": { "line": 76, "column": 50 }
        },
        "loc": {
          "start": { "line": 76, "column": 55 },
          "end": { "line": 76, "column": 71 }
        },
        "line": 76
      }
    },
    "branchMap": {
      "0": {
        "loc": {
          "start": { "line": 23, "column": 4 },
          "end": { "line": 27, "column": 5 }
        },
        "type": "if",
        "locations": [
          {
            "start": { "line": 23, "column": 4 },
            "end": { "line": 27, "column": 5 }
          },
          {
            "start": { "line": 23, "column": 4 },
            "end": { "line": 27, "column": 5 }
          }
        ],
        "line": 23
      },
      "1": {
        "loc": {
          "start": { "line": 37, "column": 2 },
          "end": { "line": 39, "column": 3 }
        },
        "type": "if",
        "locations": [
          {
            "start": { "line": 37, "column": 2 },
            "end": { "line": 39, "column": 3 }
          },
          {
            "start": { "line": 37, "column": 2 },
            "end": { "line": 39, "column": 3 }
          }
        ],
        "line": 37
      },
      "2": {
        "loc": {
          "start": { "line": 37, "column": 6 },
          "end": { "line": 37, "column": 35 }
        },
        "type": "binary-expr",
        "locations": [
          {
            "start": { "line": 37, "column": 6 },
            "end": { "line": 37, "column": 15 }
          },
          {
            "start": { "line": 37, "column": 19 },
            "end": { "line": 37, "column": 35 }
          }
        ],
        "line": 37
      },
      "3": {
        "loc": {
          "start": { "line": 42, "column": 4 },
          "end": { "line": 44, "column": 5 }
        },
        "type": "if",
        "locations": [
          {
            "start": { "line": 42, "column": 4 },
            "end": { "line": 44, "column": 5 }
          },
          {
            "start": { "line": 42, "column": 4 },
            "end": { "line": 44, "column": 5 }
          }
        ],
        "line": 42
      }
    },
    "s": {
      "0": 1,
      "1": 1,
      "2": 1,
      "3": 1,
      "4": 1,
      "5": 1,
      "6": 0,
      "7": 1,
      "8": 0,
      "9": 1,
      "10": 0,
      "11": 0,
      "12": 0,
      "13": 0,
      "14": 0,
      "15": 1,
      "16": 0,
      "17": 1,
      "18": 1,
      "19": 0,
      "20": 0,
      "21": 0,
      "22": 0,
      "23": 0,
      "24": 0,
      "25": 0,
      "26": 0
    },
    "f": {
      "0": 1,
      "1": 0,
      "2": 0,
      "3": 0,
      "4": 0,
      "5": 0,
      "6": 0,
      "7": 0,
      "8": 0,
      "9": 0,
      "10": 0,
      "11": 0
    },
    "b": { "0": [0, 0], "1": [1, 0], "2": [1, 1], "3": [0, 0] },
    "_coverageSchema": "1a1c01bbd47fc00a2c39e90264f33305004495a9",
    "hash": "f255530ff724e428e4e5afce24964736b0f6aa7f"
  },
  "/Users/jyjin/workspace/gitProject/awesome/src/stores/lowcodeStore.js": {
    "path": "/Users/jyjin/workspace/gitProject/awesome/src/stores/lowcodeStore.js",
    "statementMap": {
      "0": {
        "start": { "line": 4, "column": 18 },
        "end": { "line": 11, "column": 1 }
      },
      "1": {
        "start": { "line": 14, "column": 2 },
        "end": { "line": 14, "column": 45 }
      },
      "2": {
        "start": { "line": 14, "column": 29 },
        "end": { "line": 14, "column": 43 }
      },
      "3": {
        "start": { "line": 18, "column": 16 },
        "end": { "line": 18, "column": 56 }
      },
      "4": {
        "start": { "line": 18, "column": 41 },
        "end": { "line": 18, "column": 55 }
      },
      "5": {
        "start": { "line": 19, "column": 2 },
        "end": { "line": 19, "column": 24 }
      },
      "6": {
        "start": { "line": 20, "column": 2 },
        "end": { "line": 20, "column": 14 }
      },
      "7": {
        "start": { "line": 23, "column": 14 },
        "end": { "line": 76, "column": 2 }
      },
      "8": {
        "start": { "line": 28, "column": 4 },
        "end": { "line": 28, "column": 33 }
      },
      "9": {
        "start": { "line": 29, "column": 4 },
        "end": { "line": 29, "column": 33 }
      },
      "10": {
        "start": { "line": 30, "column": 4 },
        "end": { "line": 30, "column": 39 }
      },
      "11": {
        "start": { "line": 34, "column": 4 },
        "end": { "line": 34, "column": 31 }
      },
      "12": {
        "start": { "line": 35, "column": 4 },
        "end": { "line": 35, "column": 40 }
      },
      "13": {
        "start": { "line": 36, "column": 4 },
        "end": { "line": 36, "column": 39 }
      },
      "14": {
        "start": { "line": 40, "column": 15 },
        "end": { "line": 40, "column": 61 }
      },
      "15": {
        "start": { "line": 41, "column": 23 },
        "end": { "line": 41, "column": 67 }
      },
      "16": {
        "start": { "line": 42, "column": 4 },
        "end": { "line": 42, "column": 35 }
      },
      "17": {
        "start": { "line": 43, "column": 4 },
        "end": { "line": 43, "column": 39 }
      },
      "18": {
        "start": { "line": 45, "column": 4 },
        "end": { "line": 45, "column": 27 }
      },
      "19": {
        "start": { "line": 49, "column": 4 },
        "end": { "line": 49, "column": 38 }
      },
      "20": {
        "start": { "line": 50, "column": 4 },
        "end": { "line": 50, "column": 39 }
      },
      "21": {
        "start": { "line": 54, "column": 4 },
        "end": { "line": 54, "column": 55 }
      },
      "22": {
        "start": { "line": 55, "column": 4 },
        "end": { "line": 57, "column": 6 }
      },
      "23": {
        "start": { "line": 58, "column": 4 },
        "end": { "line": 58, "column": 39 }
      },
      "24": {
        "start": { "line": 63, "column": 4 },
        "end": { "line": 63, "column": 61 }
      },
      "25": {
        "start": { "line": 64, "column": 4 },
        "end": { "line": 64, "column": 39 }
      },
      "26": {
        "start": { "line": 68, "column": 4 },
        "end": { "line": 68, "column": 34 }
      },
      "27": {
        "start": { "line": 72, "column": 18 },
        "end": { "line": 72, "column": 74 }
      },
      "28": {
        "start": { "line": 72, "column": 52 },
        "end": { "line": 72, "column": 73 }
      },
      "29": {
        "start": { "line": 73, "column": 4 },
        "end": { "line": 73, "column": 46 }
      },
      "30": {
        "start": { "line": 74, "column": 4 },
        "end": { "line": 74, "column": 39 }
      }
    },
    "fnMap": {
      "0": {
        "name": "_find",
        "decl": {
          "start": { "line": 13, "column": 9 },
          "end": { "line": 13, "column": 14 }
        },
        "loc": {
          "start": { "line": 13, "column": 25 },
          "end": { "line": 15, "column": 1 }
        },
        "line": 13
      },
      "1": {
        "name": "(anonymous_1)",
        "decl": {
          "start": { "line": 14, "column": 19 },
          "end": { "line": 14, "column": 20 }
        },
        "loc": {
          "start": { "line": 14, "column": 29 },
          "end": { "line": 14, "column": 43 }
        },
        "line": 14
      },
      "2": {
        "name": "_remove",
        "decl": {
          "start": { "line": 17, "column": 9 },
          "end": { "line": 17, "column": 16 }
        },
        "loc": {
          "start": { "line": 17, "column": 27 },
          "end": { "line": 21, "column": 1 }
        },
        "line": 17
      },
      "3": {
        "name": "(anonymous_3)",
        "decl": {
          "start": { "line": 18, "column": 31 },
          "end": { "line": 18, "column": 32 }
        },
        "loc": {
          "start": { "line": 18, "column": 41 },
          "end": { "line": 18, "column": 55 }
        },
        "line": 18
      },
      "4": {
        "name": "(anonymous_4)",
        "decl": {
          "start": { "line": 27, "column": 2 },
          "end": { "line": 27, "column": 3 }
        },
        "loc": {
          "start": { "line": 27, "column": 20 },
          "end": { "line": 31, "column": 3 }
        },
        "line": 27
      },
      "5": {
        "name": "(anonymous_5)",
        "decl": {
          "start": { "line": 33, "column": 2 },
          "end": { "line": 33, "column": 3 }
        },
        "loc": {
          "start": { "line": 33, "column": 29 },
          "end": { "line": 37, "column": 3 }
        },
        "line": 33
      },
      "6": {
        "name": "(anonymous_6)",
        "decl": {
          "start": { "line": 39, "column": 2 },
          "end": { "line": 39, "column": 3 }
        },
        "loc": {
          "start": { "line": 39, "column": 15 },
          "end": { "line": 46, "column": 3 }
        },
        "line": 39
      },
      "7": {
        "name": "(anonymous_7)",
        "decl": {
          "start": { "line": 48, "column": 2 },
          "end": { "line": 48, "column": 3 }
        },
        "loc": {
          "start": { "line": 48, "column": 27 },
          "end": { "line": 51, "column": 3 }
        },
        "line": 48
      },
      "8": {
        "name": "(anonymous_8)",
        "decl": {
          "start": { "line": 53, "column": 2 },
          "end": { "line": 53, "column": 3 }
        },
        "loc": {
          "start": { "line": 53, "column": 29 },
          "end": { "line": 60, "column": 3 }
        },
        "line": 53
      },
      "9": {
        "name": "(anonymous_9)",
        "decl": {
          "start": { "line": 62, "column": 2 },
          "end": { "line": 62, "column": 3 }
        },
        "loc": {
          "start": { "line": 62, "column": 34 },
          "end": { "line": 65, "column": 3 }
        },
        "line": 62
      },
      "10": {
        "name": "(anonymous_10)",
        "decl": {
          "start": { "line": 67, "column": 2 },
          "end": { "line": 67, "column": 3 }
        },
        "loc": {
          "start": { "line": 67, "column": 24 },
          "end": { "line": 69, "column": 3 }
        },
        "line": 67
      },
      "11": {
        "name": "(anonymous_11)",
        "decl": {
          "start": { "line": 71, "column": 2 },
          "end": { "line": 71, "column": 3 }
        },
        "loc": {
          "start": { "line": 71, "column": 31 },
          "end": { "line": 75, "column": 3 }
        },
        "line": 71
      },
      "12": {
        "name": "(anonymous_12)",
        "decl": {
          "start": { "line": 72, "column": 42 },
          "end": { "line": 72, "column": 43 }
        },
        "loc": {
          "start": { "line": 72, "column": 52 },
          "end": { "line": 72, "column": 73 }
        },
        "line": 72
      }
    },
    "branchMap": {},
    "s": {
      "0": 1,
      "1": 3,
      "2": 3,
      "3": 0,
      "4": 0,
      "5": 0,
      "6": 0,
      "7": 1,
      "8": 2,
      "9": 2,
      "10": 2,
      "11": 0,
      "12": 0,
      "13": 0,
      "14": 2,
      "15": 2,
      "16": 2,
      "17": 2,
      "18": 2,
      "19": 0,
      "20": 0,
      "21": 1,
      "22": 1,
      "23": 1,
      "24": 0,
      "25": 0,
      "26": 0,
      "27": 0,
      "28": 0,
      "29": 0,
      "30": 0
    },
    "f": {
      "0": 3,
      "1": 3,
      "2": 0,
      "3": 0,
      "4": 2,
      "5": 0,
      "6": 2,
      "7": 0,
      "8": 1,
      "9": 0,
      "10": 0,
      "11": 0,
      "12": 0
    },
    "b": {},
    "_coverageSchema": "1a1c01bbd47fc00a2c39e90264f33305004495a9",
    "hash": "06d0cd5c743138473ad3e379a6130e61da1c5b79"
  }
}
