TN:
SF:src/layouts/menu/SideMenu.js
FN:11,(anonymous_0)
FN:14,(anonymous_1)
FN:17,(anonymous_2)
FN:22,(anonymous_3)
FN:28,(anonymous_4)
FN:33,(anonymous_5)
FN:41,handleClick
FN:47,handleFirstMenu
FN:61,(anonymous_8)
FN:66,(anonymous_9)
FN:69,(anonymous_10)
FN:76,(anonymous_11)
FNF:12
FNH:1
FNDA:1,(anonymous_0)
FNDA:0,(anonymous_1)
FNDA:0,(anonymous_2)
FNDA:0,(anonymous_3)
FNDA:0,(anonymous_4)
FNDA:0,(anonymous_5)
FNDA:0,handleClick
FNDA:0,handleFirstMenu
FNDA:0,(anonymous_8)
FNDA:0,(anonymous_9)
FNDA:0,(anonymous_10)
FNDA:0,(anonymous_11)
DA:8,1
DA:9,1
DA:11,1
DA:12,1
DA:13,1
DA:14,1
DA:15,0
DA:17,1
DA:22,1
DA:23,0
DA:24,0
DA:26,0
DA:28,0
DA:29,0
DA:33,1
DA:34,0
DA:37,1
DA:38,1
DA:42,0
DA:43,0
DA:48,0
DA:51,0
DA:62,0
DA:66,0
DA:70,0
DA:76,0
LF:26
LH:11
BRDA:23,0,0,0
BRDA:23,0,1,0
BRDA:37,1,0,1
BRDA:37,1,1,0
BRDA:37,2,0,1
BRDA:37,2,1,1
BRDA:42,3,0,0
BRDA:42,3,1,0
BRF:8
BRH:3
end_of_record
TN:
SF:src/stores/lowcodeStore.js
FN:13,_find
FN:14,(anonymous_1)
FN:17,_remove
FN:18,(anonymous_3)
FN:27,(anonymous_4)
FN:33,(anonymous_5)
FN:39,(anonymous_6)
FN:48,(anonymous_7)
FN:53,(anonymous_8)
FN:62,(anonymous_9)
FN:67,(anonymous_10)
FN:71,(anonymous_11)
FN:72,(anonymous_12)
FNF:13
FNH:5
FNDA:3,_find
FNDA:3,(anonymous_1)
FNDA:0,_remove
FNDA:0,(anonymous_3)
FNDA:2,(anonymous_4)
FNDA:0,(anonymous_5)
FNDA:2,(anonymous_6)
FNDA:0,(anonymous_7)
FNDA:1,(anonymous_8)
FNDA:0,(anonymous_9)
FNDA:0,(anonymous_10)
FNDA:0,(anonymous_11)
FNDA:0,(anonymous_12)
DA:4,1
DA:14,3
DA:18,0
DA:19,0
DA:20,0
DA:23,1
DA:28,2
DA:29,2
DA:30,2
DA:34,0
DA:35,0
DA:36,0
DA:40,2
DA:41,2
DA:42,2
DA:43,2
DA:45,2
DA:49,0
DA:50,0
DA:54,1
DA:55,1
DA:58,1
DA:63,0
DA:64,0
DA:68,0
DA:72,0
DA:73,0
DA:74,0
LF:28
LH:14
BRF:0
BRH:0
end_of_record
